[2025-02-17T23:57:55.645+0000] {processor.py:186} INFO - Started process (PID=199) to work on /opt/airflow/dags/spark_airflow.py
[2025-02-17T23:57:55.646+0000] {processor.py:914} INFO - Processing file /opt/airflow/dags/spark_airflow.py for tasks to queue
[2025-02-17T23:57:55.649+0000] {logging_mixin.py:190} INFO - [2025-02-17T23:57:55.649+0000] {dagbag.py:588} INFO - Filling up the DagBag from /opt/airflow/dags/spark_airflow.py
[2025-02-17T23:57:55.671+0000] {processor.py:925} INFO - DAG(s) 'sparking_flow' retrieved from /opt/airflow/dags/spark_airflow.py
[2025-02-17T23:57:55.793+0000] {logging_mixin.py:190} INFO - [2025-02-17T23:57:55.792+0000] {override.py:1930} INFO - Created Permission View: can delete on DAG:sparking_flow
[2025-02-17T23:57:55.801+0000] {logging_mixin.py:190} INFO - [2025-02-17T23:57:55.801+0000] {override.py:1930} INFO - Created Permission View: can edit on DAG:sparking_flow
[2025-02-17T23:57:55.806+0000] {logging_mixin.py:190} INFO - [2025-02-17T23:57:55.806+0000] {override.py:1930} INFO - Created Permission View: can read on DAG:sparking_flow
[2025-02-17T23:57:55.811+0000] {logging_mixin.py:190} INFO - [2025-02-17T23:57:55.810+0000] {override.py:1930} INFO - Created Permission View: can delete on DAG Run:sparking_flow
[2025-02-17T23:57:55.815+0000] {logging_mixin.py:190} INFO - [2025-02-17T23:57:55.815+0000] {override.py:1930} INFO - Created Permission View: can create on DAG Run:sparking_flow
[2025-02-17T23:57:55.819+0000] {logging_mixin.py:190} INFO - [2025-02-17T23:57:55.819+0000] {override.py:1930} INFO - Created Permission View: can read on DAG Run:sparking_flow
[2025-02-17T23:57:55.823+0000] {logging_mixin.py:190} INFO - [2025-02-17T23:57:55.822+0000] {override.py:1930} INFO - Created Permission View: menu access on DAG Run:sparking_flow
[2025-02-17T23:57:55.823+0000] {logging_mixin.py:190} INFO - [2025-02-17T23:57:55.823+0000] {dag.py:3239} INFO - Sync 1 DAGs
[2025-02-17T23:57:55.834+0000] {logging_mixin.py:190} INFO - [2025-02-17T23:57:55.834+0000] {dag.py:3262} INFO - Creating ORM DAG for sparking_flow
[2025-02-17T23:57:55.844+0000] {logging_mixin.py:190} INFO - [2025-02-17T23:57:55.844+0000] {dag.py:4180} INFO - Setting next_dagrun for sparking_flow to 2025-02-16T00:00:00+00:00, run_after=2025-02-17T00:00:00+00:00
[2025-02-17T23:57:55.858+0000] {processor.py:208} INFO - Processing /opt/airflow/dags/spark_airflow.py took 0.218 seconds
[2025-02-17T23:58:26.046+0000] {processor.py:186} INFO - Started process (PID=204) to work on /opt/airflow/dags/spark_airflow.py
[2025-02-17T23:58:26.047+0000] {processor.py:914} INFO - Processing file /opt/airflow/dags/spark_airflow.py for tasks to queue
[2025-02-17T23:58:26.051+0000] {logging_mixin.py:190} INFO - [2025-02-17T23:58:26.050+0000] {dagbag.py:588} INFO - Filling up the DagBag from /opt/airflow/dags/spark_airflow.py
[2025-02-17T23:58:26.072+0000] {processor.py:925} INFO - DAG(s) 'sparking_flow' retrieved from /opt/airflow/dags/spark_airflow.py
[2025-02-17T23:58:26.109+0000] {logging_mixin.py:190} INFO - [2025-02-17T23:58:26.109+0000] {dag.py:3239} INFO - Sync 1 DAGs
[2025-02-17T23:58:26.136+0000] {logging_mixin.py:190} INFO - [2025-02-17T23:58:26.135+0000] {dag.py:4180} INFO - Setting next_dagrun for sparking_flow to 2025-02-16T00:00:00+00:00, run_after=2025-02-17T00:00:00+00:00
[2025-02-17T23:58:26.154+0000] {processor.py:208} INFO - Processing /opt/airflow/dags/spark_airflow.py took 0.114 seconds
[2025-02-17T23:58:56.224+0000] {processor.py:186} INFO - Started process (PID=209) to work on /opt/airflow/dags/spark_airflow.py
[2025-02-17T23:58:56.225+0000] {processor.py:914} INFO - Processing file /opt/airflow/dags/spark_airflow.py for tasks to queue
[2025-02-17T23:58:56.228+0000] {logging_mixin.py:190} INFO - [2025-02-17T23:58:56.227+0000] {dagbag.py:588} INFO - Filling up the DagBag from /opt/airflow/dags/spark_airflow.py
[2025-02-17T23:58:56.242+0000] {processor.py:925} INFO - DAG(s) 'sparking_flow' retrieved from /opt/airflow/dags/spark_airflow.py
[2025-02-17T23:58:56.269+0000] {logging_mixin.py:190} INFO - [2025-02-17T23:58:56.269+0000] {dag.py:3239} INFO - Sync 1 DAGs
[2025-02-17T23:58:56.290+0000] {logging_mixin.py:190} INFO - [2025-02-17T23:58:56.289+0000] {dag.py:4180} INFO - Setting next_dagrun for sparking_flow to 2025-02-16T00:00:00+00:00, run_after=2025-02-17T00:00:00+00:00
[2025-02-17T23:58:56.304+0000] {processor.py:208} INFO - Processing /opt/airflow/dags/spark_airflow.py took 0.084 seconds
[2025-02-17T23:59:26.421+0000] {processor.py:186} INFO - Started process (PID=214) to work on /opt/airflow/dags/spark_airflow.py
[2025-02-17T23:59:26.422+0000] {processor.py:914} INFO - Processing file /opt/airflow/dags/spark_airflow.py for tasks to queue
[2025-02-17T23:59:26.425+0000] {logging_mixin.py:190} INFO - [2025-02-17T23:59:26.425+0000] {dagbag.py:588} INFO - Filling up the DagBag from /opt/airflow/dags/spark_airflow.py
[2025-02-17T23:59:26.442+0000] {processor.py:925} INFO - DAG(s) 'sparking_flow' retrieved from /opt/airflow/dags/spark_airflow.py
[2025-02-17T23:59:26.472+0000] {logging_mixin.py:190} INFO - [2025-02-17T23:59:26.472+0000] {dag.py:3239} INFO - Sync 1 DAGs
[2025-02-17T23:59:26.498+0000] {logging_mixin.py:190} INFO - [2025-02-17T23:59:26.498+0000] {dag.py:4180} INFO - Setting next_dagrun for sparking_flow to 2025-02-16T00:00:00+00:00, run_after=2025-02-17T00:00:00+00:00
[2025-02-17T23:59:26.514+0000] {processor.py:208} INFO - Processing /opt/airflow/dags/spark_airflow.py took 0.097 seconds
[2025-02-17T23:59:56.673+0000] {processor.py:186} INFO - Started process (PID=219) to work on /opt/airflow/dags/spark_airflow.py
[2025-02-17T23:59:56.673+0000] {processor.py:914} INFO - Processing file /opt/airflow/dags/spark_airflow.py for tasks to queue
[2025-02-17T23:59:56.676+0000] {logging_mixin.py:190} INFO - [2025-02-17T23:59:56.675+0000] {dagbag.py:588} INFO - Filling up the DagBag from /opt/airflow/dags/spark_airflow.py
[2025-02-17T23:59:56.690+0000] {processor.py:925} INFO - DAG(s) 'sparking_flow' retrieved from /opt/airflow/dags/spark_airflow.py
[2025-02-17T23:59:56.716+0000] {logging_mixin.py:190} INFO - [2025-02-17T23:59:56.716+0000] {dag.py:3239} INFO - Sync 1 DAGs
[2025-02-17T23:59:56.740+0000] {logging_mixin.py:190} INFO - [2025-02-17T23:59:56.740+0000] {dag.py:4180} INFO - Setting next_dagrun for sparking_flow to 2025-02-16T00:00:00+00:00, run_after=2025-02-17T00:00:00+00:00
[2025-02-17T23:59:56.757+0000] {processor.py:208} INFO - Processing /opt/airflow/dags/spark_airflow.py took 0.090 seconds
