[2025-02-18T00:00:26.877+0000] {processor.py:186} INFO - Started process (PID=224) to work on /opt/airflow/dags/spark_airflow.py
[2025-02-18T00:00:26.878+0000] {processor.py:914} INFO - Processing file /opt/airflow/dags/spark_airflow.py for tasks to queue
[2025-02-18T00:00:26.881+0000] {logging_mixin.py:190} INFO - [2025-02-18T00:00:26.881+0000] {dagbag.py:588} INFO - Filling up the DagBag from /opt/airflow/dags/spark_airflow.py
[2025-02-18T00:00:26.895+0000] {processor.py:925} INFO - DAG(s) 'sparking_flow' retrieved from /opt/airflow/dags/spark_airflow.py
[2025-02-18T00:00:27.032+0000] {logging_mixin.py:190} INFO - [2025-02-18T00:00:27.032+0000] {dag.py:3239} INFO - Sync 1 DAGs
[2025-02-18T00:00:27.052+0000] {logging_mixin.py:190} INFO - [2025-02-18T00:00:27.052+0000] {dag.py:4180} INFO - Setting next_dagrun for sparking_flow to 2025-02-17T00:00:00+00:00, run_after=2025-02-18T00:00:00+00:00
[2025-02-18T00:00:27.070+0000] {processor.py:208} INFO - Processing /opt/airflow/dags/spark_airflow.py took 0.197 seconds
[2025-02-18T00:00:57.128+0000] {processor.py:186} INFO - Started process (PID=229) to work on /opt/airflow/dags/spark_airflow.py
[2025-02-18T00:00:57.129+0000] {processor.py:914} INFO - Processing file /opt/airflow/dags/spark_airflow.py for tasks to queue
[2025-02-18T00:00:57.131+0000] {logging_mixin.py:190} INFO - [2025-02-18T00:00:57.131+0000] {dagbag.py:588} INFO - Filling up the DagBag from /opt/airflow/dags/spark_airflow.py
[2025-02-18T00:00:57.146+0000] {processor.py:925} INFO - DAG(s) 'sparking_flow' retrieved from /opt/airflow/dags/spark_airflow.py
[2025-02-18T00:00:57.170+0000] {logging_mixin.py:190} INFO - [2025-02-18T00:00:57.170+0000] {dag.py:3239} INFO - Sync 1 DAGs
[2025-02-18T00:00:57.188+0000] {logging_mixin.py:190} INFO - [2025-02-18T00:00:57.188+0000] {dag.py:4180} INFO - Setting next_dagrun for sparking_flow to 2025-02-17T00:00:00+00:00, run_after=2025-02-18T00:00:00+00:00
[2025-02-18T00:00:57.204+0000] {processor.py:208} INFO - Processing /opt/airflow/dags/spark_airflow.py took 0.081 seconds
[2025-02-18T00:01:27.323+0000] {processor.py:186} INFO - Started process (PID=234) to work on /opt/airflow/dags/spark_airflow.py
[2025-02-18T00:01:27.324+0000] {processor.py:914} INFO - Processing file /opt/airflow/dags/spark_airflow.py for tasks to queue
[2025-02-18T00:01:27.326+0000] {logging_mixin.py:190} INFO - [2025-02-18T00:01:27.326+0000] {dagbag.py:588} INFO - Filling up the DagBag from /opt/airflow/dags/spark_airflow.py
[2025-02-18T00:01:27.341+0000] {processor.py:925} INFO - DAG(s) 'sparking_flow' retrieved from /opt/airflow/dags/spark_airflow.py
[2025-02-18T00:01:27.376+0000] {logging_mixin.py:190} INFO - [2025-02-18T00:01:27.375+0000] {dag.py:3239} INFO - Sync 1 DAGs
[2025-02-18T00:01:27.397+0000] {logging_mixin.py:190} INFO - [2025-02-18T00:01:27.397+0000] {dag.py:4180} INFO - Setting next_dagrun for sparking_flow to 2025-02-17T00:00:00+00:00, run_after=2025-02-18T00:00:00+00:00
[2025-02-18T00:01:27.414+0000] {processor.py:208} INFO - Processing /opt/airflow/dags/spark_airflow.py took 0.097 seconds
[2025-02-18T00:01:57.547+0000] {processor.py:186} INFO - Started process (PID=239) to work on /opt/airflow/dags/spark_airflow.py
[2025-02-18T00:01:57.548+0000] {processor.py:914} INFO - Processing file /opt/airflow/dags/spark_airflow.py for tasks to queue
[2025-02-18T00:01:57.551+0000] {logging_mixin.py:190} INFO - [2025-02-18T00:01:57.551+0000] {dagbag.py:588} INFO - Filling up the DagBag from /opt/airflow/dags/spark_airflow.py
[2025-02-18T00:01:57.568+0000] {processor.py:925} INFO - DAG(s) 'sparking_flow' retrieved from /opt/airflow/dags/spark_airflow.py
[2025-02-18T00:01:57.603+0000] {logging_mixin.py:190} INFO - [2025-02-18T00:01:57.603+0000] {dag.py:3239} INFO - Sync 1 DAGs
[2025-02-18T00:01:57.626+0000] {logging_mixin.py:190} INFO - [2025-02-18T00:01:57.626+0000] {dag.py:4180} INFO - Setting next_dagrun for sparking_flow to 2025-02-17T00:00:00+00:00, run_after=2025-02-18T00:00:00+00:00
[2025-02-18T00:01:57.641+0000] {processor.py:208} INFO - Processing /opt/airflow/dags/spark_airflow.py took 0.099 seconds
[2025-02-18T00:02:27.747+0000] {processor.py:186} INFO - Started process (PID=286) to work on /opt/airflow/dags/spark_airflow.py
[2025-02-18T00:02:27.748+0000] {processor.py:914} INFO - Processing file /opt/airflow/dags/spark_airflow.py for tasks to queue
[2025-02-18T00:02:27.751+0000] {logging_mixin.py:190} INFO - [2025-02-18T00:02:27.750+0000] {dagbag.py:588} INFO - Filling up the DagBag from /opt/airflow/dags/spark_airflow.py
[2025-02-18T00:02:27.765+0000] {processor.py:925} INFO - DAG(s) 'sparking_flow' retrieved from /opt/airflow/dags/spark_airflow.py
[2025-02-18T00:02:27.796+0000] {logging_mixin.py:190} INFO - [2025-02-18T00:02:27.796+0000] {dag.py:3239} INFO - Sync 1 DAGs
[2025-02-18T00:02:27.816+0000] {logging_mixin.py:190} INFO - [2025-02-18T00:02:27.816+0000] {dag.py:4180} INFO - Setting next_dagrun for sparking_flow to 2025-02-18T00:00:00+00:00, run_after=2025-02-19T00:00:00+00:00
[2025-02-18T00:02:27.829+0000] {processor.py:208} INFO - Processing /opt/airflow/dags/spark_airflow.py took 0.087 seconds
[2025-02-18T00:02:58.028+0000] {processor.py:186} INFO - Started process (PID=291) to work on /opt/airflow/dags/spark_airflow.py
[2025-02-18T00:02:58.028+0000] {processor.py:914} INFO - Processing file /opt/airflow/dags/spark_airflow.py for tasks to queue
[2025-02-18T00:02:58.031+0000] {logging_mixin.py:190} INFO - [2025-02-18T00:02:58.031+0000] {dagbag.py:588} INFO - Filling up the DagBag from /opt/airflow/dags/spark_airflow.py
[2025-02-18T00:02:58.047+0000] {processor.py:925} INFO - DAG(s) 'sparking_flow' retrieved from /opt/airflow/dags/spark_airflow.py
[2025-02-18T00:02:58.077+0000] {logging_mixin.py:190} INFO - [2025-02-18T00:02:58.077+0000] {dag.py:3239} INFO - Sync 1 DAGs
[2025-02-18T00:02:58.096+0000] {logging_mixin.py:190} INFO - [2025-02-18T00:02:58.096+0000] {dag.py:4180} INFO - Setting next_dagrun for sparking_flow to 2025-02-18T00:00:00+00:00, run_after=2025-02-19T00:00:00+00:00
[2025-02-18T00:02:58.115+0000] {processor.py:208} INFO - Processing /opt/airflow/dags/spark_airflow.py took 0.092 seconds
[2025-02-18T00:03:28.211+0000] {processor.py:186} INFO - Started process (PID=296) to work on /opt/airflow/dags/spark_airflow.py
[2025-02-18T00:03:28.212+0000] {processor.py:914} INFO - Processing file /opt/airflow/dags/spark_airflow.py for tasks to queue
[2025-02-18T00:03:28.214+0000] {logging_mixin.py:190} INFO - [2025-02-18T00:03:28.214+0000] {dagbag.py:588} INFO - Filling up the DagBag from /opt/airflow/dags/spark_airflow.py
[2025-02-18T00:03:28.232+0000] {processor.py:925} INFO - DAG(s) 'sparking_flow' retrieved from /opt/airflow/dags/spark_airflow.py
[2025-02-18T00:03:28.270+0000] {logging_mixin.py:190} INFO - [2025-02-18T00:03:28.270+0000] {dag.py:3239} INFO - Sync 1 DAGs
[2025-02-18T00:03:28.290+0000] {logging_mixin.py:190} INFO - [2025-02-18T00:03:28.290+0000] {dag.py:4180} INFO - Setting next_dagrun for sparking_flow to 2025-02-18T00:00:00+00:00, run_after=2025-02-19T00:00:00+00:00
[2025-02-18T00:03:28.304+0000] {processor.py:208} INFO - Processing /opt/airflow/dags/spark_airflow.py took 0.098 seconds
[2025-02-18T00:03:58.493+0000] {processor.py:186} INFO - Started process (PID=301) to work on /opt/airflow/dags/spark_airflow.py
[2025-02-18T00:03:58.494+0000] {processor.py:914} INFO - Processing file /opt/airflow/dags/spark_airflow.py for tasks to queue
[2025-02-18T00:03:58.496+0000] {logging_mixin.py:190} INFO - [2025-02-18T00:03:58.496+0000] {dagbag.py:588} INFO - Filling up the DagBag from /opt/airflow/dags/spark_airflow.py
[2025-02-18T00:03:58.512+0000] {processor.py:925} INFO - DAG(s) 'sparking_flow' retrieved from /opt/airflow/dags/spark_airflow.py
[2025-02-18T00:03:58.546+0000] {logging_mixin.py:190} INFO - [2025-02-18T00:03:58.546+0000] {dag.py:3239} INFO - Sync 1 DAGs
[2025-02-18T00:03:58.569+0000] {logging_mixin.py:190} INFO - [2025-02-18T00:03:58.569+0000] {dag.py:4180} INFO - Setting next_dagrun for sparking_flow to 2025-02-18T00:00:00+00:00, run_after=2025-02-19T00:00:00+00:00
[2025-02-18T00:03:58.586+0000] {processor.py:208} INFO - Processing /opt/airflow/dags/spark_airflow.py took 0.098 seconds
[2025-02-18T00:04:05.574+0000] {processor.py:186} INFO - Started process (PID=306) to work on /opt/airflow/dags/spark_airflow.py
[2025-02-18T00:04:05.574+0000] {processor.py:914} INFO - Processing file /opt/airflow/dags/spark_airflow.py for tasks to queue
[2025-02-18T00:04:05.577+0000] {logging_mixin.py:190} INFO - [2025-02-18T00:04:05.576+0000] {dagbag.py:588} INFO - Filling up the DagBag from /opt/airflow/dags/spark_airflow.py
[2025-02-18T00:04:05.598+0000] {processor.py:925} INFO - DAG(s) 'sparking_flow' retrieved from /opt/airflow/dags/spark_airflow.py
[2025-02-18T00:04:05.721+0000] {logging_mixin.py:190} INFO - [2025-02-18T00:04:05.721+0000] {dag.py:3239} INFO - Sync 1 DAGs
[2025-02-18T00:04:05.743+0000] {logging_mixin.py:190} INFO - [2025-02-18T00:04:05.742+0000] {dag.py:4180} INFO - Setting next_dagrun for sparking_flow to 2025-02-18T00:00:00+00:00, run_after=2025-02-19T00:00:00+00:00
[2025-02-18T00:04:05.761+0000] {processor.py:208} INFO - Processing /opt/airflow/dags/spark_airflow.py took 0.192 seconds
[2025-02-18T00:04:35.855+0000] {processor.py:186} INFO - Started process (PID=311) to work on /opt/airflow/dags/spark_airflow.py
[2025-02-18T00:04:35.856+0000] {processor.py:914} INFO - Processing file /opt/airflow/dags/spark_airflow.py for tasks to queue
[2025-02-18T00:04:35.858+0000] {logging_mixin.py:190} INFO - [2025-02-18T00:04:35.858+0000] {dagbag.py:588} INFO - Filling up the DagBag from /opt/airflow/dags/spark_airflow.py
[2025-02-18T00:04:35.873+0000] {processor.py:925} INFO - DAG(s) 'sparking_flow' retrieved from /opt/airflow/dags/spark_airflow.py
[2025-02-18T00:04:35.908+0000] {logging_mixin.py:190} INFO - [2025-02-18T00:04:35.907+0000] {dag.py:3239} INFO - Sync 1 DAGs
[2025-02-18T00:04:35.929+0000] {logging_mixin.py:190} INFO - [2025-02-18T00:04:35.929+0000] {dag.py:4180} INFO - Setting next_dagrun for sparking_flow to 2025-02-18T00:00:00+00:00, run_after=2025-02-19T00:00:00+00:00
[2025-02-18T00:04:35.943+0000] {processor.py:208} INFO - Processing /opt/airflow/dags/spark_airflow.py took 0.093 seconds
[2025-02-18T00:05:06.161+0000] {processor.py:186} INFO - Started process (PID=316) to work on /opt/airflow/dags/spark_airflow.py
[2025-02-18T00:05:06.162+0000] {processor.py:914} INFO - Processing file /opt/airflow/dags/spark_airflow.py for tasks to queue
[2025-02-18T00:05:06.166+0000] {logging_mixin.py:190} INFO - [2025-02-18T00:05:06.166+0000] {dagbag.py:588} INFO - Filling up the DagBag from /opt/airflow/dags/spark_airflow.py
[2025-02-18T00:05:06.183+0000] {processor.py:925} INFO - DAG(s) 'sparking_flow' retrieved from /opt/airflow/dags/spark_airflow.py
[2025-02-18T00:05:06.217+0000] {logging_mixin.py:190} INFO - [2025-02-18T00:05:06.216+0000] {dag.py:3239} INFO - Sync 1 DAGs
[2025-02-18T00:05:06.238+0000] {logging_mixin.py:190} INFO - [2025-02-18T00:05:06.238+0000] {dag.py:4180} INFO - Setting next_dagrun for sparking_flow to 2025-02-18T00:00:00+00:00, run_after=2025-02-19T00:00:00+00:00
[2025-02-18T00:05:06.255+0000] {processor.py:208} INFO - Processing /opt/airflow/dags/spark_airflow.py took 0.103 seconds
[2025-02-18T00:05:36.343+0000] {processor.py:186} INFO - Started process (PID=321) to work on /opt/airflow/dags/spark_airflow.py
[2025-02-18T00:05:36.344+0000] {processor.py:914} INFO - Processing file /opt/airflow/dags/spark_airflow.py for tasks to queue
[2025-02-18T00:05:36.347+0000] {logging_mixin.py:190} INFO - [2025-02-18T00:05:36.347+0000] {dagbag.py:588} INFO - Filling up the DagBag from /opt/airflow/dags/spark_airflow.py
[2025-02-18T00:05:36.363+0000] {processor.py:925} INFO - DAG(s) 'sparking_flow' retrieved from /opt/airflow/dags/spark_airflow.py
[2025-02-18T00:05:36.398+0000] {logging_mixin.py:190} INFO - [2025-02-18T00:05:36.397+0000] {dag.py:3239} INFO - Sync 1 DAGs
[2025-02-18T00:05:36.417+0000] {logging_mixin.py:190} INFO - [2025-02-18T00:05:36.417+0000] {dag.py:4180} INFO - Setting next_dagrun for sparking_flow to 2025-02-18T00:00:00+00:00, run_after=2025-02-19T00:00:00+00:00
[2025-02-18T00:05:36.432+0000] {processor.py:208} INFO - Processing /opt/airflow/dags/spark_airflow.py took 0.094 seconds
[2025-02-18T00:06:06.601+0000] {processor.py:186} INFO - Started process (PID=326) to work on /opt/airflow/dags/spark_airflow.py
[2025-02-18T00:06:06.602+0000] {processor.py:914} INFO - Processing file /opt/airflow/dags/spark_airflow.py for tasks to queue
[2025-02-18T00:06:06.605+0000] {logging_mixin.py:190} INFO - [2025-02-18T00:06:06.604+0000] {dagbag.py:588} INFO - Filling up the DagBag from /opt/airflow/dags/spark_airflow.py
[2025-02-18T00:06:06.621+0000] {processor.py:925} INFO - DAG(s) 'sparking_flow' retrieved from /opt/airflow/dags/spark_airflow.py
[2025-02-18T00:06:06.654+0000] {logging_mixin.py:190} INFO - [2025-02-18T00:06:06.654+0000] {dag.py:3239} INFO - Sync 1 DAGs
[2025-02-18T00:06:06.674+0000] {logging_mixin.py:190} INFO - [2025-02-18T00:06:06.674+0000] {dag.py:4180} INFO - Setting next_dagrun for sparking_flow to 2025-02-18T00:00:00+00:00, run_after=2025-02-19T00:00:00+00:00
[2025-02-18T00:06:06.691+0000] {processor.py:208} INFO - Processing /opt/airflow/dags/spark_airflow.py took 0.095 seconds
[2025-02-18T00:06:36.800+0000] {processor.py:186} INFO - Started process (PID=331) to work on /opt/airflow/dags/spark_airflow.py
[2025-02-18T00:06:36.801+0000] {processor.py:914} INFO - Processing file /opt/airflow/dags/spark_airflow.py for tasks to queue
[2025-02-18T00:06:36.803+0000] {logging_mixin.py:190} INFO - [2025-02-18T00:06:36.802+0000] {dagbag.py:588} INFO - Filling up the DagBag from /opt/airflow/dags/spark_airflow.py
[2025-02-18T00:06:36.824+0000] {processor.py:925} INFO - DAG(s) 'sparking_flow' retrieved from /opt/airflow/dags/spark_airflow.py
[2025-02-18T00:06:36.852+0000] {logging_mixin.py:190} INFO - [2025-02-18T00:06:36.852+0000] {dag.py:3239} INFO - Sync 1 DAGs
[2025-02-18T00:06:36.873+0000] {logging_mixin.py:190} INFO - [2025-02-18T00:06:36.873+0000] {dag.py:4180} INFO - Setting next_dagrun for sparking_flow to 2025-02-18T00:00:00+00:00, run_after=2025-02-19T00:00:00+00:00
[2025-02-18T00:06:36.890+0000] {processor.py:208} INFO - Processing /opt/airflow/dags/spark_airflow.py took 0.094 seconds
[2025-02-18T00:07:07.030+0000] {processor.py:186} INFO - Started process (PID=336) to work on /opt/airflow/dags/spark_airflow.py
[2025-02-18T00:07:07.031+0000] {processor.py:914} INFO - Processing file /opt/airflow/dags/spark_airflow.py for tasks to queue
[2025-02-18T00:07:07.034+0000] {logging_mixin.py:190} INFO - [2025-02-18T00:07:07.034+0000] {dagbag.py:588} INFO - Filling up the DagBag from /opt/airflow/dags/spark_airflow.py
[2025-02-18T00:07:07.060+0000] {processor.py:925} INFO - DAG(s) 'sparking_flow' retrieved from /opt/airflow/dags/spark_airflow.py
[2025-02-18T00:07:07.088+0000] {logging_mixin.py:190} INFO - [2025-02-18T00:07:07.088+0000] {dag.py:3239} INFO - Sync 1 DAGs
[2025-02-18T00:07:07.110+0000] {logging_mixin.py:190} INFO - [2025-02-18T00:07:07.110+0000] {dag.py:4180} INFO - Setting next_dagrun for sparking_flow to 2025-02-18T00:00:00+00:00, run_after=2025-02-19T00:00:00+00:00
[2025-02-18T00:07:07.126+0000] {processor.py:208} INFO - Processing /opt/airflow/dags/spark_airflow.py took 0.100 seconds
[2025-02-18T00:07:37.256+0000] {processor.py:186} INFO - Started process (PID=341) to work on /opt/airflow/dags/spark_airflow.py
[2025-02-18T00:07:37.257+0000] {processor.py:914} INFO - Processing file /opt/airflow/dags/spark_airflow.py for tasks to queue
[2025-02-18T00:07:37.259+0000] {logging_mixin.py:190} INFO - [2025-02-18T00:07:37.259+0000] {dagbag.py:588} INFO - Filling up the DagBag from /opt/airflow/dags/spark_airflow.py
[2025-02-18T00:07:37.284+0000] {processor.py:925} INFO - DAG(s) 'sparking_flow' retrieved from /opt/airflow/dags/spark_airflow.py
[2025-02-18T00:07:37.310+0000] {logging_mixin.py:190} INFO - [2025-02-18T00:07:37.310+0000] {dag.py:3239} INFO - Sync 1 DAGs
[2025-02-18T00:07:37.331+0000] {logging_mixin.py:190} INFO - [2025-02-18T00:07:37.331+0000] {dag.py:4180} INFO - Setting next_dagrun for sparking_flow to 2025-02-18T00:00:00+00:00, run_after=2025-02-19T00:00:00+00:00
[2025-02-18T00:07:37.348+0000] {processor.py:208} INFO - Processing /opt/airflow/dags/spark_airflow.py took 0.097 seconds
[2025-02-18T00:08:07.542+0000] {processor.py:186} INFO - Started process (PID=346) to work on /opt/airflow/dags/spark_airflow.py
[2025-02-18T00:08:07.542+0000] {processor.py:914} INFO - Processing file /opt/airflow/dags/spark_airflow.py for tasks to queue
[2025-02-18T00:08:07.545+0000] {logging_mixin.py:190} INFO - [2025-02-18T00:08:07.545+0000] {dagbag.py:588} INFO - Filling up the DagBag from /opt/airflow/dags/spark_airflow.py
[2025-02-18T00:08:07.560+0000] {processor.py:925} INFO - DAG(s) 'sparking_flow' retrieved from /opt/airflow/dags/spark_airflow.py
[2025-02-18T00:08:07.584+0000] {logging_mixin.py:190} INFO - [2025-02-18T00:08:07.584+0000] {dag.py:3239} INFO - Sync 1 DAGs
[2025-02-18T00:08:07.606+0000] {logging_mixin.py:190} INFO - [2025-02-18T00:08:07.606+0000] {dag.py:4180} INFO - Setting next_dagrun for sparking_flow to 2025-02-18T00:00:00+00:00, run_after=2025-02-19T00:00:00+00:00
[2025-02-18T00:08:07.622+0000] {processor.py:208} INFO - Processing /opt/airflow/dags/spark_airflow.py took 0.085 seconds
[2025-02-18T00:08:37.732+0000] {processor.py:186} INFO - Started process (PID=351) to work on /opt/airflow/dags/spark_airflow.py
[2025-02-18T00:08:37.733+0000] {processor.py:914} INFO - Processing file /opt/airflow/dags/spark_airflow.py for tasks to queue
[2025-02-18T00:08:37.735+0000] {logging_mixin.py:190} INFO - [2025-02-18T00:08:37.735+0000] {dagbag.py:588} INFO - Filling up the DagBag from /opt/airflow/dags/spark_airflow.py
[2025-02-18T00:08:37.749+0000] {processor.py:925} INFO - DAG(s) 'sparking_flow' retrieved from /opt/airflow/dags/spark_airflow.py
[2025-02-18T00:08:37.774+0000] {logging_mixin.py:190} INFO - [2025-02-18T00:08:37.774+0000] {dag.py:3239} INFO - Sync 1 DAGs
[2025-02-18T00:08:37.795+0000] {logging_mixin.py:190} INFO - [2025-02-18T00:08:37.795+0000] {dag.py:4180} INFO - Setting next_dagrun for sparking_flow to 2025-02-18T00:00:00+00:00, run_after=2025-02-19T00:00:00+00:00
[2025-02-18T00:08:37.809+0000] {processor.py:208} INFO - Processing /opt/airflow/dags/spark_airflow.py took 0.082 seconds
[2025-02-18T00:09:07.951+0000] {processor.py:186} INFO - Started process (PID=356) to work on /opt/airflow/dags/spark_airflow.py
[2025-02-18T00:09:07.952+0000] {processor.py:914} INFO - Processing file /opt/airflow/dags/spark_airflow.py for tasks to queue
[2025-02-18T00:09:07.955+0000] {logging_mixin.py:190} INFO - [2025-02-18T00:09:07.954+0000] {dagbag.py:588} INFO - Filling up the DagBag from /opt/airflow/dags/spark_airflow.py
[2025-02-18T00:09:07.970+0000] {processor.py:925} INFO - DAG(s) 'sparking_flow' retrieved from /opt/airflow/dags/spark_airflow.py
[2025-02-18T00:09:07.994+0000] {logging_mixin.py:190} INFO - [2025-02-18T00:09:07.993+0000] {dag.py:3239} INFO - Sync 1 DAGs
[2025-02-18T00:09:08.015+0000] {logging_mixin.py:190} INFO - [2025-02-18T00:09:08.015+0000] {dag.py:4180} INFO - Setting next_dagrun for sparking_flow to 2025-02-18T00:00:00+00:00, run_after=2025-02-19T00:00:00+00:00
[2025-02-18T00:09:08.033+0000] {processor.py:208} INFO - Processing /opt/airflow/dags/spark_airflow.py took 0.086 seconds
[2025-02-18T00:09:38.131+0000] {processor.py:186} INFO - Started process (PID=361) to work on /opt/airflow/dags/spark_airflow.py
[2025-02-18T00:09:38.131+0000] {processor.py:914} INFO - Processing file /opt/airflow/dags/spark_airflow.py for tasks to queue
[2025-02-18T00:09:38.134+0000] {logging_mixin.py:190} INFO - [2025-02-18T00:09:38.134+0000] {dagbag.py:588} INFO - Filling up the DagBag from /opt/airflow/dags/spark_airflow.py
[2025-02-18T00:09:38.149+0000] {processor.py:925} INFO - DAG(s) 'sparking_flow' retrieved from /opt/airflow/dags/spark_airflow.py
[2025-02-18T00:09:38.174+0000] {logging_mixin.py:190} INFO - [2025-02-18T00:09:38.173+0000] {dag.py:3239} INFO - Sync 1 DAGs
[2025-02-18T00:09:38.196+0000] {logging_mixin.py:190} INFO - [2025-02-18T00:09:38.196+0000] {dag.py:4180} INFO - Setting next_dagrun for sparking_flow to 2025-02-18T00:00:00+00:00, run_after=2025-02-19T00:00:00+00:00
[2025-02-18T00:09:38.214+0000] {processor.py:208} INFO - Processing /opt/airflow/dags/spark_airflow.py took 0.088 seconds
[2025-02-18T00:10:08.381+0000] {processor.py:186} INFO - Started process (PID=366) to work on /opt/airflow/dags/spark_airflow.py
[2025-02-18T00:10:08.382+0000] {processor.py:914} INFO - Processing file /opt/airflow/dags/spark_airflow.py for tasks to queue
[2025-02-18T00:10:08.384+0000] {logging_mixin.py:190} INFO - [2025-02-18T00:10:08.384+0000] {dagbag.py:588} INFO - Filling up the DagBag from /opt/airflow/dags/spark_airflow.py
[2025-02-18T00:10:08.399+0000] {processor.py:925} INFO - DAG(s) 'sparking_flow' retrieved from /opt/airflow/dags/spark_airflow.py
[2025-02-18T00:10:08.424+0000] {logging_mixin.py:190} INFO - [2025-02-18T00:10:08.424+0000] {dag.py:3239} INFO - Sync 1 DAGs
[2025-02-18T00:10:08.446+0000] {logging_mixin.py:190} INFO - [2025-02-18T00:10:08.446+0000] {dag.py:4180} INFO - Setting next_dagrun for sparking_flow to 2025-02-18T00:00:00+00:00, run_after=2025-02-19T00:00:00+00:00
[2025-02-18T00:10:08.463+0000] {processor.py:208} INFO - Processing /opt/airflow/dags/spark_airflow.py took 0.086 seconds
[2025-02-18T00:10:38.566+0000] {processor.py:186} INFO - Started process (PID=371) to work on /opt/airflow/dags/spark_airflow.py
[2025-02-18T00:10:38.567+0000] {processor.py:914} INFO - Processing file /opt/airflow/dags/spark_airflow.py for tasks to queue
[2025-02-18T00:10:38.569+0000] {logging_mixin.py:190} INFO - [2025-02-18T00:10:38.569+0000] {dagbag.py:588} INFO - Filling up the DagBag from /opt/airflow/dags/spark_airflow.py
[2025-02-18T00:10:38.583+0000] {processor.py:925} INFO - DAG(s) 'sparking_flow' retrieved from /opt/airflow/dags/spark_airflow.py
[2025-02-18T00:10:38.612+0000] {logging_mixin.py:190} INFO - [2025-02-18T00:10:38.611+0000] {dag.py:3239} INFO - Sync 1 DAGs
[2025-02-18T00:10:38.634+0000] {logging_mixin.py:190} INFO - [2025-02-18T00:10:38.634+0000] {dag.py:4180} INFO - Setting next_dagrun for sparking_flow to 2025-02-18T00:00:00+00:00, run_after=2025-02-19T00:00:00+00:00
[2025-02-18T00:10:38.648+0000] {processor.py:208} INFO - Processing /opt/airflow/dags/spark_airflow.py took 0.087 seconds
[2025-02-18T00:11:08.815+0000] {processor.py:186} INFO - Started process (PID=376) to work on /opt/airflow/dags/spark_airflow.py
[2025-02-18T00:11:08.816+0000] {processor.py:914} INFO - Processing file /opt/airflow/dags/spark_airflow.py for tasks to queue
[2025-02-18T00:11:08.818+0000] {logging_mixin.py:190} INFO - [2025-02-18T00:11:08.818+0000] {dagbag.py:588} INFO - Filling up the DagBag from /opt/airflow/dags/spark_airflow.py
[2025-02-18T00:11:08.834+0000] {processor.py:925} INFO - DAG(s) 'sparking_flow' retrieved from /opt/airflow/dags/spark_airflow.py
[2025-02-18T00:11:08.860+0000] {logging_mixin.py:190} INFO - [2025-02-18T00:11:08.859+0000] {dag.py:3239} INFO - Sync 1 DAGs
[2025-02-18T00:11:08.881+0000] {logging_mixin.py:190} INFO - [2025-02-18T00:11:08.881+0000] {dag.py:4180} INFO - Setting next_dagrun for sparking_flow to 2025-02-18T00:00:00+00:00, run_after=2025-02-19T00:00:00+00:00
[2025-02-18T00:11:08.897+0000] {processor.py:208} INFO - Processing /opt/airflow/dags/spark_airflow.py took 0.086 seconds
[2025-02-18T00:11:39.015+0000] {processor.py:186} INFO - Started process (PID=381) to work on /opt/airflow/dags/spark_airflow.py
[2025-02-18T00:11:39.016+0000] {processor.py:914} INFO - Processing file /opt/airflow/dags/spark_airflow.py for tasks to queue
[2025-02-18T00:11:39.018+0000] {logging_mixin.py:190} INFO - [2025-02-18T00:11:39.018+0000] {dagbag.py:588} INFO - Filling up the DagBag from /opt/airflow/dags/spark_airflow.py
[2025-02-18T00:11:39.032+0000] {processor.py:925} INFO - DAG(s) 'sparking_flow' retrieved from /opt/airflow/dags/spark_airflow.py
[2025-02-18T00:11:39.056+0000] {logging_mixin.py:190} INFO - [2025-02-18T00:11:39.056+0000] {dag.py:3239} INFO - Sync 1 DAGs
[2025-02-18T00:11:39.075+0000] {logging_mixin.py:190} INFO - [2025-02-18T00:11:39.075+0000] {dag.py:4180} INFO - Setting next_dagrun for sparking_flow to 2025-02-18T00:00:00+00:00, run_after=2025-02-19T00:00:00+00:00
[2025-02-18T00:11:39.091+0000] {processor.py:208} INFO - Processing /opt/airflow/dags/spark_airflow.py took 0.080 seconds
[2025-02-18T00:12:09.275+0000] {processor.py:186} INFO - Started process (PID=386) to work on /opt/airflow/dags/spark_airflow.py
[2025-02-18T00:12:09.276+0000] {processor.py:914} INFO - Processing file /opt/airflow/dags/spark_airflow.py for tasks to queue
[2025-02-18T00:12:09.278+0000] {logging_mixin.py:190} INFO - [2025-02-18T00:12:09.278+0000] {dagbag.py:588} INFO - Filling up the DagBag from /opt/airflow/dags/spark_airflow.py
[2025-02-18T00:12:09.292+0000] {processor.py:925} INFO - DAG(s) 'sparking_flow' retrieved from /opt/airflow/dags/spark_airflow.py
[2025-02-18T00:12:09.316+0000] {logging_mixin.py:190} INFO - [2025-02-18T00:12:09.316+0000] {dag.py:3239} INFO - Sync 1 DAGs
[2025-02-18T00:12:09.334+0000] {logging_mixin.py:190} INFO - [2025-02-18T00:12:09.334+0000] {dag.py:4180} INFO - Setting next_dagrun for sparking_flow to 2025-02-18T00:00:00+00:00, run_after=2025-02-19T00:00:00+00:00
[2025-02-18T00:12:09.350+0000] {processor.py:208} INFO - Processing /opt/airflow/dags/spark_airflow.py took 0.079 seconds
[2025-02-18T00:12:39.480+0000] {processor.py:186} INFO - Started process (PID=391) to work on /opt/airflow/dags/spark_airflow.py
[2025-02-18T00:12:39.481+0000] {processor.py:914} INFO - Processing file /opt/airflow/dags/spark_airflow.py for tasks to queue
[2025-02-18T00:12:39.483+0000] {logging_mixin.py:190} INFO - [2025-02-18T00:12:39.483+0000] {dagbag.py:588} INFO - Filling up the DagBag from /opt/airflow/dags/spark_airflow.py
[2025-02-18T00:12:39.500+0000] {processor.py:925} INFO - DAG(s) 'sparking_flow' retrieved from /opt/airflow/dags/spark_airflow.py
[2025-02-18T00:12:39.527+0000] {logging_mixin.py:190} INFO - [2025-02-18T00:12:39.527+0000] {dag.py:3239} INFO - Sync 1 DAGs
[2025-02-18T00:12:39.549+0000] {logging_mixin.py:190} INFO - [2025-02-18T00:12:39.548+0000] {dag.py:4180} INFO - Setting next_dagrun for sparking_flow to 2025-02-18T00:00:00+00:00, run_after=2025-02-19T00:00:00+00:00
[2025-02-18T00:12:39.567+0000] {processor.py:208} INFO - Processing /opt/airflow/dags/spark_airflow.py took 0.091 seconds
[2025-02-18T00:13:09.740+0000] {processor.py:186} INFO - Started process (PID=396) to work on /opt/airflow/dags/spark_airflow.py
[2025-02-18T00:13:09.741+0000] {processor.py:914} INFO - Processing file /opt/airflow/dags/spark_airflow.py for tasks to queue
[2025-02-18T00:13:09.744+0000] {logging_mixin.py:190} INFO - [2025-02-18T00:13:09.744+0000] {dagbag.py:588} INFO - Filling up the DagBag from /opt/airflow/dags/spark_airflow.py
[2025-02-18T00:13:09.758+0000] {processor.py:925} INFO - DAG(s) 'sparking_flow' retrieved from /opt/airflow/dags/spark_airflow.py
[2025-02-18T00:13:09.782+0000] {logging_mixin.py:190} INFO - [2025-02-18T00:13:09.782+0000] {dag.py:3239} INFO - Sync 1 DAGs
[2025-02-18T00:13:09.803+0000] {logging_mixin.py:190} INFO - [2025-02-18T00:13:09.803+0000] {dag.py:4180} INFO - Setting next_dagrun for sparking_flow to 2025-02-18T00:00:00+00:00, run_after=2025-02-19T00:00:00+00:00
[2025-02-18T00:13:09.819+0000] {processor.py:208} INFO - Processing /opt/airflow/dags/spark_airflow.py took 0.083 seconds
