[2025-02-17T23:47:28.414+0000] {manager.py:483} INFO - Processing files using up to 2 processes at a time 
[2025-02-17T23:47:28.415+0000] {manager.py:484} INFO - Process each file at most once every 30 seconds
[2025-02-17T23:47:28.415+0000] {manager.py:485} INFO - Checking for new files in /opt/airflow/dags every 300 seconds
[2025-02-17T23:47:28.416+0000] {manager.py:821} INFO - Searching for files in /opt/airflow/dags
[2025-02-17T23:47:28.418+0000] {manager.py:824} INFO - There are 0 files in /opt/airflow/dags
[2025-02-17T23:47:41.154+0000] {manager.py:465} INFO - Exiting gracefully upon receiving signal 15
[2025-02-17T23:47:54.833+0000] {manager.py:483} INFO - Processing files using up to 2 processes at a time 
[2025-02-17T23:47:54.834+0000] {manager.py:484} INFO - Process each file at most once every 30 seconds
[2025-02-17T23:47:54.834+0000] {manager.py:485} INFO - Checking for new files in /opt/airflow/dags every 300 seconds
[2025-02-17T23:47:54.835+0000] {manager.py:821} INFO - Searching for files in /opt/airflow/dags
[2025-02-17T23:47:54.838+0000] {manager.py:824} INFO - There are 0 files in /opt/airflow/dags
[2025-02-17T23:52:55.354+0000] {manager.py:821} INFO - Searching for files in /opt/airflow/dags
[2025-02-17T23:52:55.360+0000] {manager.py:824} INFO - There are 0 files in /opt/airflow/dags
[2025-02-17T23:57:55.579+0000] {manager.py:821} INFO - Searching for files in /opt/airflow/dags
[2025-02-17T23:57:55.601+0000] {manager.py:824} INFO - There are 1 files in /opt/airflow/dags
[2025-02-17T23:57:57.653+0000] {manager.py:997} INFO - 
================================================================================
DAG File Processing Stats

File Path                           PID    Runtime      # DAGs    # Errors  Last Runtime    Last Run               Last # of DB Queries
----------------------------------  -----  ---------  --------  ----------  --------------  -------------------  ----------------------
/opt/airflow/dags/spark_airflow.py                           1           0  0.25s           2025-02-17T23:57:55                      45
================================================================================
[2025-02-17T23:58:28.043+0000] {manager.py:997} INFO - 
================================================================================
DAG File Processing Stats

File Path                           PID    Runtime      # DAGs    # Errors  Last Runtime    Last Run               Last # of DB Queries
----------------------------------  -----  ---------  --------  ----------  --------------  -------------------  ----------------------
/opt/airflow/dags/spark_airflow.py                           1           0  0.14s           2025-02-17T23:58:26                      12
================================================================================
[2025-02-17T23:58:58.225+0000] {manager.py:997} INFO - 
================================================================================
DAG File Processing Stats

File Path                           PID    Runtime      # DAGs    # Errors  Last Runtime    Last Run               Last # of DB Queries
----------------------------------  -----  ---------  --------  ----------  --------------  -------------------  ----------------------
/opt/airflow/dags/spark_airflow.py                           1           0  0.11s           2025-02-17T23:58:56                      12
================================================================================
[2025-02-17T23:59:28.476+0000] {manager.py:997} INFO - 
================================================================================
DAG File Processing Stats

File Path                           PID    Runtime      # DAGs    # Errors  Last Runtime    Last Run               Last # of DB Queries
----------------------------------  -----  ---------  --------  ----------  --------------  -------------------  ----------------------
/opt/airflow/dags/spark_airflow.py                           1           0  0.12s           2025-02-17T23:59:26                      12
================================================================================
[2025-02-17T23:59:58.680+0000] {manager.py:997} INFO - 
================================================================================
DAG File Processing Stats

File Path                           PID    Runtime      # DAGs    # Errors  Last Runtime    Last Run               Last # of DB Queries
----------------------------------  -----  ---------  --------  ----------  --------------  -------------------  ----------------------
/opt/airflow/dags/spark_airflow.py                           1           0  0.11s           2025-02-17T23:59:56                      12
================================================================================
[2025-02-18T00:00:28.927+0000] {manager.py:997} INFO - 
================================================================================
DAG File Processing Stats

File Path                           PID    Runtime      # DAGs    # Errors  Last Runtime    Last Run               Last # of DB Queries
----------------------------------  -----  ---------  --------  ----------  --------------  -------------------  ----------------------
/opt/airflow/dags/spark_airflow.py                           1           0  0.23s           2025-02-18T00:00:27                      34
================================================================================
[2025-02-18T00:00:59.127+0000] {manager.py:997} INFO - 
================================================================================
DAG File Processing Stats

File Path                           PID    Runtime      # DAGs    # Errors  Last Runtime    Last Run               Last # of DB Queries
----------------------------------  -----  ---------  --------  ----------  --------------  -------------------  ----------------------
/opt/airflow/dags/spark_airflow.py                           1           0  0.11s           2025-02-18T00:00:57                      12
================================================================================
[2025-02-18T00:01:29.372+0000] {manager.py:997} INFO - 
================================================================================
DAG File Processing Stats

File Path                           PID    Runtime      # DAGs    # Errors  Last Runtime    Last Run               Last # of DB Queries
----------------------------------  -----  ---------  --------  ----------  --------------  -------------------  ----------------------
/opt/airflow/dags/spark_airflow.py                           1           0  0.12s           2025-02-18T00:01:27                      12
================================================================================
[2025-02-18T00:01:59.558+0000] {manager.py:997} INFO - 
================================================================================
DAG File Processing Stats

File Path                           PID    Runtime      # DAGs    # Errors  Last Runtime    Last Run               Last # of DB Queries
----------------------------------  -----  ---------  --------  ----------  --------------  -------------------  ----------------------
/opt/airflow/dags/spark_airflow.py                           1           0  0.13s           2025-02-18T00:01:57                      12
================================================================================
[2025-02-18T00:02:29.806+0000] {manager.py:997} INFO - 
================================================================================
DAG File Processing Stats

File Path                           PID    Runtime      # DAGs    # Errors  Last Runtime    Last Run               Last # of DB Queries
----------------------------------  -----  ---------  --------  ----------  --------------  -------------------  ----------------------
/opt/airflow/dags/spark_airflow.py                           1           0  0.11s           2025-02-18T00:02:27                      12
================================================================================
[2025-02-18T00:02:55.967+0000] {manager.py:821} INFO - Searching for files in /opt/airflow/dags
[2025-02-18T00:02:55.980+0000] {manager.py:824} INFO - There are 1 files in /opt/airflow/dags
[2025-02-18T00:03:00.035+0000] {manager.py:997} INFO - 
================================================================================
DAG File Processing Stats

File Path                           PID    Runtime      # DAGs    # Errors  Last Runtime    Last Run               Last # of DB Queries
----------------------------------  -----  ---------  --------  ----------  --------------  -------------------  ----------------------
/opt/airflow/dags/spark_airflow.py                           1           0  0.12s           2025-02-18T00:02:58                      12
================================================================================
[2025-02-18T00:03:30.284+0000] {manager.py:997} INFO - 
================================================================================
DAG File Processing Stats

File Path                           PID    Runtime      # DAGs    # Errors  Last Runtime    Last Run               Last # of DB Queries
----------------------------------  -----  ---------  --------  ----------  --------------  -------------------  ----------------------
/opt/airflow/dags/spark_airflow.py                           1           0  0.12s           2025-02-18T00:03:28                      12
================================================================================
[2025-02-18T00:04:00.503+0000] {manager.py:997} INFO - 
================================================================================
DAG File Processing Stats

File Path                           PID    Runtime      # DAGs    # Errors  Last Runtime    Last Run               Last # of DB Queries
----------------------------------  -----  ---------  --------  ----------  --------------  -------------------  ----------------------
/opt/airflow/dags/spark_airflow.py                           1           0  0.12s           2025-02-18T00:03:58                      12
================================================================================
[2025-02-18T00:04:30.789+0000] {manager.py:997} INFO - 
================================================================================
DAG File Processing Stats

File Path                           PID    Runtime      # DAGs    # Errors  Last Runtime    Last Run               Last # of DB Queries
----------------------------------  -----  ---------  --------  ----------  --------------  -------------------  ----------------------
/opt/airflow/dags/spark_airflow.py                           1           0  0.22s           2025-02-18T00:04:05                      34
================================================================================
[2025-02-18T00:05:01.092+0000] {manager.py:997} INFO - 
================================================================================
DAG File Processing Stats

File Path                           PID    Runtime      # DAGs    # Errors  Last Runtime    Last Run               Last # of DB Queries
----------------------------------  -----  ---------  --------  ----------  --------------  -------------------  ----------------------
/opt/airflow/dags/spark_airflow.py                           1           0  0.12s           2025-02-18T00:04:35                      12
================================================================================
[2025-02-18T00:05:31.285+0000] {manager.py:997} INFO - 
================================================================================
DAG File Processing Stats

File Path                           PID    Runtime      # DAGs    # Errors  Last Runtime    Last Run               Last # of DB Queries
----------------------------------  -----  ---------  --------  ----------  --------------  -------------------  ----------------------
/opt/airflow/dags/spark_airflow.py                           1           0  0.13s           2025-02-18T00:05:06                      12
================================================================================
[2025-02-18T00:06:01.539+0000] {manager.py:997} INFO - 
================================================================================
DAG File Processing Stats

File Path                           PID    Runtime      # DAGs    # Errors  Last Runtime    Last Run               Last # of DB Queries
----------------------------------  -----  ---------  --------  ----------  --------------  -------------------  ----------------------
/opt/airflow/dags/spark_airflow.py                           1           0  0.12s           2025-02-18T00:05:36                      12
================================================================================
[2025-02-18T00:06:31.739+0000] {manager.py:997} INFO - 
================================================================================
DAG File Processing Stats

File Path                           PID    Runtime      # DAGs    # Errors  Last Runtime    Last Run               Last # of DB Queries
----------------------------------  -----  ---------  --------  ----------  --------------  -------------------  ----------------------
/opt/airflow/dags/spark_airflow.py                           1           0  0.12s           2025-02-18T00:06:06                      12
================================================================================
[2025-02-18T00:07:01.973+0000] {manager.py:997} INFO - 
================================================================================
DAG File Processing Stats

File Path                           PID    Runtime      # DAGs    # Errors  Last Runtime    Last Run               Last # of DB Queries
----------------------------------  -----  ---------  --------  ----------  --------------  -------------------  ----------------------
/opt/airflow/dags/spark_airflow.py                           1           0  0.12s           2025-02-18T00:06:36                      12
================================================================================
[2025-02-18T00:07:32.195+0000] {manager.py:997} INFO - 
================================================================================
DAG File Processing Stats

File Path                           PID    Runtime      # DAGs    # Errors  Last Runtime    Last Run               Last # of DB Queries
----------------------------------  -----  ---------  --------  ----------  --------------  -------------------  ----------------------
/opt/airflow/dags/spark_airflow.py                           1           0  0.12s           2025-02-18T00:07:07                      12
================================================================================
[2025-02-18T00:07:56.386+0000] {manager.py:821} INFO - Searching for files in /opt/airflow/dags
[2025-02-18T00:07:56.403+0000] {manager.py:824} INFO - There are 1 files in /opt/airflow/dags
[2025-02-18T00:08:02.465+0000] {manager.py:997} INFO - 
================================================================================
DAG File Processing Stats

File Path                           PID    Runtime      # DAGs    # Errors  Last Runtime    Last Run               Last # of DB Queries
----------------------------------  -----  ---------  --------  ----------  --------------  -------------------  ----------------------
/opt/airflow/dags/spark_airflow.py                           1           0  0.12s           2025-02-18T00:07:37                      12
================================================================================
[2025-02-18T00:08:32.671+0000] {manager.py:997} INFO - 
================================================================================
DAG File Processing Stats

File Path                           PID    Runtime      # DAGs    # Errors  Last Runtime    Last Run               Last # of DB Queries
----------------------------------  -----  ---------  --------  ----------  --------------  -------------------  ----------------------
/opt/airflow/dags/spark_airflow.py                           1           0  0.11s           2025-02-18T00:08:07                      12
================================================================================
[2025-02-18T00:09:02.894+0000] {manager.py:997} INFO - 
================================================================================
DAG File Processing Stats

File Path                           PID    Runtime      # DAGs    # Errors  Last Runtime    Last Run               Last # of DB Queries
----------------------------------  -----  ---------  --------  ----------  --------------  -------------------  ----------------------
/opt/airflow/dags/spark_airflow.py                           1           0  0.11s           2025-02-18T00:08:37                      12
================================================================================
[2025-02-18T00:09:33.072+0000] {manager.py:997} INFO - 
================================================================================
DAG File Processing Stats

File Path                           PID    Runtime      # DAGs    # Errors  Last Runtime    Last Run               Last # of DB Queries
----------------------------------  -----  ---------  --------  ----------  --------------  -------------------  ----------------------
/opt/airflow/dags/spark_airflow.py                           1           0  0.11s           2025-02-18T00:09:08                      12
================================================================================
[2025-02-18T00:10:03.317+0000] {manager.py:997} INFO - 
================================================================================
DAG File Processing Stats

File Path                           PID    Runtime      # DAGs    # Errors  Last Runtime    Last Run               Last # of DB Queries
----------------------------------  -----  ---------  --------  ----------  --------------  -------------------  ----------------------
/opt/airflow/dags/spark_airflow.py                           1           0  0.11s           2025-02-18T00:09:38                      12
================================================================================
[2025-02-18T00:10:33.505+0000] {manager.py:997} INFO - 
================================================================================
DAG File Processing Stats

File Path                           PID    Runtime      # DAGs    # Errors  Last Runtime    Last Run               Last # of DB Queries
----------------------------------  -----  ---------  --------  ----------  --------------  -------------------  ----------------------
/opt/airflow/dags/spark_airflow.py                           1           0  0.11s           2025-02-18T00:10:08                      12
================================================================================
[2025-02-18T00:11:03.746+0000] {manager.py:997} INFO - 
================================================================================
DAG File Processing Stats

File Path                           PID    Runtime      # DAGs    # Errors  Last Runtime    Last Run               Last # of DB Queries
----------------------------------  -----  ---------  --------  ----------  --------------  -------------------  ----------------------
/opt/airflow/dags/spark_airflow.py                           1           0  0.11s           2025-02-18T00:10:38                      12
================================================================================
[2025-02-18T00:11:33.947+0000] {manager.py:997} INFO - 
================================================================================
DAG File Processing Stats

File Path                           PID    Runtime      # DAGs    # Errors  Last Runtime    Last Run               Last # of DB Queries
----------------------------------  -----  ---------  --------  ----------  --------------  -------------------  ----------------------
/opt/airflow/dags/spark_airflow.py                           1           0  0.11s           2025-02-18T00:11:08                      12
================================================================================
[2025-02-18T00:12:04.203+0000] {manager.py:997} INFO - 
================================================================================
DAG File Processing Stats

File Path                           PID    Runtime      # DAGs    # Errors  Last Runtime    Last Run               Last # of DB Queries
----------------------------------  -----  ---------  --------  ----------  --------------  -------------------  ----------------------
/opt/airflow/dags/spark_airflow.py                           1           0  0.11s           2025-02-18T00:11:39                      12
================================================================================
[2025-02-18T00:12:34.407+0000] {manager.py:997} INFO - 
================================================================================
DAG File Processing Stats

File Path                           PID    Runtime      # DAGs    # Errors  Last Runtime    Last Run               Last # of DB Queries
----------------------------------  -----  ---------  --------  ----------  --------------  -------------------  ----------------------
/opt/airflow/dags/spark_airflow.py                           1           0  0.10s           2025-02-18T00:12:09                      12
================================================================================
[2025-02-18T00:12:56.575+0000] {manager.py:821} INFO - Searching for files in /opt/airflow/dags
[2025-02-18T00:12:56.592+0000] {manager.py:824} INFO - There are 1 files in /opt/airflow/dags
[2025-02-18T00:13:04.667+0000] {manager.py:997} INFO - 
================================================================================
DAG File Processing Stats

File Path                           PID    Runtime      # DAGs    # Errors  Last Runtime    Last Run               Last # of DB Queries
----------------------------------  -----  ---------  --------  ----------  --------------  -------------------  ----------------------
/opt/airflow/dags/spark_airflow.py                           1           0  0.12s           2025-02-18T00:12:39                      12
================================================================================
